<?xml version="1.0" encoding="UTF-8"?>
<!-- Generated by org.testng.reporters.JUnitReportReporter -->
<testsuite skipped="0" hostname="DESKTOP-96NNTLC" name="excel" tests="1" failures="0" timestamp="2022-11-15T22:45:53 IST" time="1.003" errors="0">
  <testcase name="getData" time="1.003" classname="excel"/>
  <system-out/>
</testsuite> <!-- excel -->
