<?xml version="1.0" encoding="UTF-8"?>
<!-- Generated by org.testng.reporters.JUnitReportReporter -->
<testsuite skipped="0" hostname="DESKTOP-96NNTLC" name="TestNGandExcelDataDriven" tests="3" failures="0" timestamp="2022-11-16T22:44:24 IST" time="0.012" errors="0">
  <testcase name="getDataProvider" time="0.002" classname="TestNGandExcelDataDriven"/>
  <system-out/>
  <testcase name="getDataProvider" time="0.001" classname="TestNGandExcelDataDriven"/>
  <system-out/>
  <testcase name="getDataProvider" time="0.009" classname="TestNGandExcelDataDriven"/>
  <system-out/>
</testsuite> <!-- TestNGandExcelDataDriven -->
